<?xml version="1.0" encoding="UTF-8"?>
<!-- Generated by org.testng.reporters.JUnitReportReporter -->
<testsuite hostname="RGCWP16JWC" failures="0" tests="2" name="automation.StandAloneNGTest" time="22.834" errors="0" timestamp="2024-12-19T23:55:20 WIB" skipped="0">
  <testcase classname="automation.StandAloneNGTest" name="submitOrder" time="12.750"/>
  <system-out/>
  <testcase classname="automation.StandAloneNGTest" name="OrderHistory" time="10.084"/>
  <system-out/>
</testsuite> <!-- automation.StandAloneNGTest -->
