<?xml version="1.0" encoding="UTF-8"?>
<!-- Generated by org.testng.reporters.JUnitReportReporter -->
<testsuite hostname="RGCWP16JWC" failures="0" tests="2" name="automation.StandAloneNGTest" time="17.066" errors="0" timestamp="2024-12-19T23:35:54 WIB" skipped="0">
  <testcase classname="automation.StandAloneNGTest" name="submitOrder" time="11.173"/>
  <system-out/>
  <testcase classname="automation.StandAloneNGTest" name="OrderHistory" time="5.893"/>
  <system-out/>
</testsuite> <!-- automation.StandAloneNGTest -->
