<?xml version="1.0" encoding="UTF-8"?>
<testsuite xmlns:xsi="http://www.w3.org/2001/XMLSchema-instance" xsi:noNamespaceSchemaLocation="https://maven.apache.org/surefire/maven-surefire-plugin/xsd/surefire-test-report-3.0.xsd" version="3.0" name="TestSuite" time="45.075" tests="2" errors="0" skipped="0" failures="0">
  <properties>
    <property name="gopherProxySet" value="false"/>
    <property name="awt.toolkit" value="sun.lwawt.macosx.LWCToolkit"/>
    <property name="java.specification.version" value="11"/>
    <property name="webdriver.chrome.driver" value="/Users/bytedance/CourseQAAutomation/Web Automation/chromedriver"/>
    <property name="sun.cpu.isalist" value=""/>
    <property name="sun.jnu.encoding" value="UTF-8"/>
    <property name="java.class.path" value="/Users/bytedance/CourseQAAutomation/coursewebautomation/target/test-classes:/Users/bytedance/CourseQAAutomation/coursewebautomation/target/classes:/Users/bytedance/.m2/repository/org/seleniumhq/selenium/selenium-java/4.27.0/selenium-java-4.27.0.jar:/Users/bytedance/.m2/repository/org/seleniumhq/selenium/selenium-api/4.27.0/selenium-api-4.27.0.jar:/Users/bytedance/.m2/repository/org/jspecify/jspecify/1.0.0/jspecify-1.0.0.jar:/Users/bytedance/.m2/repository/org/seleniumhq/selenium/selenium-chrome-driver/4.27.0/selenium-chrome-driver-4.27.0.jar:/Users/bytedance/.m2/repository/com/google/auto/service/auto-service-annotations/1.1.1/auto-service-annotations-1.1.1.jar:/Users/bytedance/.m2/repository/org/seleniumhq/selenium/selenium-chromium-driver/4.27.0/selenium-chromium-driver-4.27.0.jar:/Users/bytedance/.m2/repository/org/seleniumhq/selenium/selenium-json/4.27.0/selenium-json-4.27.0.jar:/Users/bytedance/.m2/repository/org/seleniumhq/selenium/selenium-manager/4.27.0/selenium-manager-4.27.0.jar:/Users/bytedance/.m2/repository/org/seleniumhq/selenium/selenium-devtools-v129/4.27.0/selenium-devtools-v129-4.27.0.jar:/Users/bytedance/.m2/repository/org/seleniumhq/selenium/selenium-devtools-v130/4.27.0/selenium-devtools-v130-4.27.0.jar:/Users/bytedance/.m2/repository/org/seleniumhq/selenium/selenium-devtools-v131/4.27.0/selenium-devtools-v131-4.27.0.jar:/Users/bytedance/.m2/repository/org/seleniumhq/selenium/selenium-devtools-v85/4.27.0/selenium-devtools-v85-4.27.0.jar:/Users/bytedance/.m2/repository/org/seleniumhq/selenium/selenium-edge-driver/4.27.0/selenium-edge-driver-4.27.0.jar:/Users/bytedance/.m2/repository/org/seleniumhq/selenium/selenium-firefox-driver/4.27.0/selenium-firefox-driver-4.27.0.jar:/Users/bytedance/.m2/repository/org/seleniumhq/selenium/selenium-http/4.27.0/selenium-http-4.27.0.jar:/Users/bytedance/.m2/repository/dev/failsafe/failsafe/3.3.2/failsafe-3.3.2.jar:/Users/bytedance/.m2/repository/org/seleniumhq/selenium/selenium-ie-driver/4.27.0/selenium-ie-driver-4.27.0.jar:/Users/bytedance/.m2/repository/org/seleniumhq/selenium/selenium-remote-driver/4.27.0/selenium-remote-driver-4.27.0.jar:/Users/bytedance/.m2/repository/com/google/guava/guava/33.3.1-jre/guava-33.3.1-jre.jar:/Users/bytedance/.m2/repository/com/google/guava/failureaccess/1.0.2/failureaccess-1.0.2.jar:/Users/bytedance/.m2/repository/com/google/guava/listenablefuture/9999.0-empty-to-avoid-conflict-with-guava/listenablefuture-9999.0-empty-to-avoid-conflict-with-guava.jar:/Users/bytedance/.m2/repository/com/google/code/findbugs/jsr305/3.0.2/jsr305-3.0.2.jar:/Users/bytedance/.m2/repository/org/checkerframework/checker-qual/3.43.0/checker-qual-3.43.0.jar:/Users/bytedance/.m2/repository/com/google/errorprone/error_prone_annotations/2.28.0/error_prone_annotations-2.28.0.jar:/Users/bytedance/.m2/repository/com/google/j2objc/j2objc-annotations/3.0.0/j2objc-annotations-3.0.0.jar:/Users/bytedance/.m2/repository/io/opentelemetry/semconv/opentelemetry-semconv/1.25.0-alpha/opentelemetry-semconv-1.25.0-alpha.jar:/Users/bytedance/.m2/repository/io/opentelemetry/opentelemetry-api/1.44.1/opentelemetry-api-1.44.1.jar:/Users/bytedance/.m2/repository/io/opentelemetry/opentelemetry-context/1.44.1/opentelemetry-context-1.44.1.jar:/Users/bytedance/.m2/repository/io/opentelemetry/opentelemetry-exporter-logging/1.44.1/opentelemetry-exporter-logging-1.44.1.jar:/Users/bytedance/.m2/repository/io/opentelemetry/opentelemetry-sdk-common/1.44.1/opentelemetry-sdk-common-1.44.1.jar:/Users/bytedance/.m2/repository/io/opentelemetry/opentelemetry-sdk-extension-autoconfigure-spi/1.44.1/opentelemetry-sdk-extension-autoconfigure-spi-1.44.1.jar:/Users/bytedance/.m2/repository/io/opentelemetry/opentelemetry-sdk-extension-autoconfigure/1.44.1/opentelemetry-sdk-extension-autoconfigure-1.44.1.jar:/Users/bytedance/.m2/repository/io/opentelemetry/opentelemetry-api-incubator/1.44.1-alpha/opentelemetry-api-incubator-1.44.1-alpha.jar:/Users/bytedance/.m2/repository/io/opentelemetry/opentelemetry-sdk-trace/1.44.1/opentelemetry-sdk-trace-1.44.1.jar:/Users/bytedance/.m2/repository/io/opentelemetry/opentelemetry-sdk/1.44.1/opentelemetry-sdk-1.44.1.jar:/Users/bytedance/.m2/repository/io/opentelemetry/opentelemetry-sdk-metrics/1.44.1/opentelemetry-sdk-metrics-1.44.1.jar:/Users/bytedance/.m2/repository/io/opentelemetry/opentelemetry-sdk-logs/1.44.1/opentelemetry-sdk-logs-1.44.1.jar:/Users/bytedance/.m2/repository/net/bytebuddy/byte-buddy/1.15.10/byte-buddy-1.15.10.jar:/Users/bytedance/.m2/repository/org/seleniumhq/selenium/selenium-os/4.27.0/selenium-os-4.27.0.jar:/Users/bytedance/.m2/repository/org/apache/commons/commons-exec/1.4.0/commons-exec-1.4.0.jar:/Users/bytedance/.m2/repository/org/seleniumhq/selenium/selenium-safari-driver/4.27.0/selenium-safari-driver-4.27.0.jar:/Users/bytedance/.m2/repository/org/seleniumhq/selenium/selenium-support/4.27.0/selenium-support-4.27.0.jar:/Users/bytedance/.m2/repository/org/testng/testng/7.4.0/testng-7.4.0.jar:/Users/bytedance/.m2/repository/com/beust/jcommander/1.78/jcommander-1.78.jar:/Users/bytedance/.m2/repository/org/webjars/jquery/3.5.1/jquery-3.5.1.jar:/Users/bytedance/.m2/repository/io/cucumber/cucumber-java/5.2.0/cucumber-java-5.2.0.jar:/Users/bytedance/.m2/repository/io/cucumber/cucumber-core/5.2.0/cucumber-core-5.2.0.jar:/Users/bytedance/.m2/repository/io/cucumber/cucumber-gherkin/5.2.0/cucumber-gherkin-5.2.0.jar:/Users/bytedance/.m2/repository/io/cucumber/cucumber-gherkin-vintage/5.2.0/cucumber-gherkin-vintage-5.2.0.jar:/Users/bytedance/.m2/repository/io/cucumber/tag-expressions/2.0.4/tag-expressions-2.0.4.jar:/Users/bytedance/.m2/repository/io/cucumber/cucumber-expressions/8.3.1/cucumber-expressions-8.3.1.jar:/Users/bytedance/.m2/repository/io/cucumber/datatable/3.3.0/datatable-3.3.0.jar:/Users/bytedance/.m2/repository/io/cucumber/cucumber-plugin/5.2.0/cucumber-plugin-5.2.0.jar:/Users/bytedance/.m2/repository/io/cucumber/docstring/5.2.0/docstring-5.2.0.jar:/Users/bytedance/.m2/repository/org/apiguardian/apiguardian-api/1.1.0/apiguardian-api-1.1.0.jar:/Users/bytedance/.m2/repository/io/cucumber/cucumber-jvm-deps/1.0.6/cucumber-jvm-deps-1.0.6.jar:/Users/bytedance/.m2/repository/io/cucumber/cucumber-junit/5.2.0/cucumber-junit-5.2.0.jar:/Users/bytedance/.m2/repository/junit/junit/4.13/junit-4.13.jar:/Users/bytedance/.m2/repository/org/hamcrest/hamcrest-core/1.3/hamcrest-core-1.3.jar:/Users/bytedance/.m2/repository/io/cucumber/cucumber-testng/5.2.0/cucumber-testng-5.2.0.jar:"/>
    <property name="java.vm.vendor" value="Oracle Corporation"/>
    <property name="sun.arch.data.model" value="64"/>
    <property name="java.vendor.url" value="https://openjdk.java.net/"/>
    <property name="user.timezone" value="Asia/Jakarta"/>
    <property name="java.vm.specification.version" value="11"/>
    <property name="os.name" value="Mac OS X"/>
    <property name="sun.java.launcher" value="SUN_STANDARD"/>
    <property name="user.country" value="US"/>
    <property name="sun.boot.library.path" value="/Library/Java/JavaVirtualMachines/jdk-11.jdk/Contents/Home/lib"/>
    <property name="sun.java.command" value="/Users/bytedance/CourseQAAutomation/coursewebautomation/target/surefire/surefirebooter-20241219233536942_3.jar /Users/bytedance/CourseQAAutomation/coursewebautomation/target/surefire 2024-12-19T23-35-36_882-jvmRun1 surefire-20241219233536942_1tmp surefire_0-20241219233536942_2tmp"/>
    <property name="jdk.debug" value="release"/>
    <property name="surefire.test.class.path" value="/Users/bytedance/CourseQAAutomation/coursewebautomation/target/test-classes:/Users/bytedance/CourseQAAutomation/coursewebautomation/target/classes:/Users/bytedance/.m2/repository/org/seleniumhq/selenium/selenium-java/4.27.0/selenium-java-4.27.0.jar:/Users/bytedance/.m2/repository/org/seleniumhq/selenium/selenium-api/4.27.0/selenium-api-4.27.0.jar:/Users/bytedance/.m2/repository/org/jspecify/jspecify/1.0.0/jspecify-1.0.0.jar:/Users/bytedance/.m2/repository/org/seleniumhq/selenium/selenium-chrome-driver/4.27.0/selenium-chrome-driver-4.27.0.jar:/Users/bytedance/.m2/repository/com/google/auto/service/auto-service-annotations/1.1.1/auto-service-annotations-1.1.1.jar:/Users/bytedance/.m2/repository/org/seleniumhq/selenium/selenium-chromium-driver/4.27.0/selenium-chromium-driver-4.27.0.jar:/Users/bytedance/.m2/repository/org/seleniumhq/selenium/selenium-json/4.27.0/selenium-json-4.27.0.jar:/Users/bytedance/.m2/repository/org/seleniumhq/selenium/selenium-manager/4.27.0/selenium-manager-4.27.0.jar:/Users/bytedance/.m2/repository/org/seleniumhq/selenium/selenium-devtools-v129/4.27.0/selenium-devtools-v129-4.27.0.jar:/Users/bytedance/.m2/repository/org/seleniumhq/selenium/selenium-devtools-v130/4.27.0/selenium-devtools-v130-4.27.0.jar:/Users/bytedance/.m2/repository/org/seleniumhq/selenium/selenium-devtools-v131/4.27.0/selenium-devtools-v131-4.27.0.jar:/Users/bytedance/.m2/repository/org/seleniumhq/selenium/selenium-devtools-v85/4.27.0/selenium-devtools-v85-4.27.0.jar:/Users/bytedance/.m2/repository/org/seleniumhq/selenium/selenium-edge-driver/4.27.0/selenium-edge-driver-4.27.0.jar:/Users/bytedance/.m2/repository/org/seleniumhq/selenium/selenium-firefox-driver/4.27.0/selenium-firefox-driver-4.27.0.jar:/Users/bytedance/.m2/repository/org/seleniumhq/selenium/selenium-http/4.27.0/selenium-http-4.27.0.jar:/Users/bytedance/.m2/repository/dev/failsafe/failsafe/3.3.2/failsafe-3.3.2.jar:/Users/bytedance/.m2/repository/org/seleniumhq/selenium/selenium-ie-driver/4.27.0/selenium-ie-driver-4.27.0.jar:/Users/bytedance/.m2/repository/org/seleniumhq/selenium/selenium-remote-driver/4.27.0/selenium-remote-driver-4.27.0.jar:/Users/bytedance/.m2/repository/com/google/guava/guava/33.3.1-jre/guava-33.3.1-jre.jar:/Users/bytedance/.m2/repository/com/google/guava/failureaccess/1.0.2/failureaccess-1.0.2.jar:/Users/bytedance/.m2/repository/com/google/guava/listenablefuture/9999.0-empty-to-avoid-conflict-with-guava/listenablefuture-9999.0-empty-to-avoid-conflict-with-guava.jar:/Users/bytedance/.m2/repository/com/google/code/findbugs/jsr305/3.0.2/jsr305-3.0.2.jar:/Users/bytedance/.m2/repository/org/checkerframework/checker-qual/3.43.0/checker-qual-3.43.0.jar:/Users/bytedance/.m2/repository/com/google/errorprone/error_prone_annotations/2.28.0/error_prone_annotations-2.28.0.jar:/Users/bytedance/.m2/repository/com/google/j2objc/j2objc-annotations/3.0.0/j2objc-annotations-3.0.0.jar:/Users/bytedance/.m2/repository/io/opentelemetry/semconv/opentelemetry-semconv/1.25.0-alpha/opentelemetry-semconv-1.25.0-alpha.jar:/Users/bytedance/.m2/repository/io/opentelemetry/opentelemetry-api/1.44.1/opentelemetry-api-1.44.1.jar:/Users/bytedance/.m2/repository/io/opentelemetry/opentelemetry-context/1.44.1/opentelemetry-context-1.44.1.jar:/Users/bytedance/.m2/repository/io/opentelemetry/opentelemetry-exporter-logging/1.44.1/opentelemetry-exporter-logging-1.44.1.jar:/Users/bytedance/.m2/repository/io/opentelemetry/opentelemetry-sdk-common/1.44.1/opentelemetry-sdk-common-1.44.1.jar:/Users/bytedance/.m2/repository/io/opentelemetry/opentelemetry-sdk-extension-autoconfigure-spi/1.44.1/opentelemetry-sdk-extension-autoconfigure-spi-1.44.1.jar:/Users/bytedance/.m2/repository/io/opentelemetry/opentelemetry-sdk-extension-autoconfigure/1.44.1/opentelemetry-sdk-extension-autoconfigure-1.44.1.jar:/Users/bytedance/.m2/repository/io/opentelemetry/opentelemetry-api-incubator/1.44.1-alpha/opentelemetry-api-incubator-1.44.1-alpha.jar:/Users/bytedance/.m2/repository/io/opentelemetry/opentelemetry-sdk-trace/1.44.1/opentelemetry-sdk-trace-1.44.1.jar:/Users/bytedance/.m2/repository/io/opentelemetry/opentelemetry-sdk/1.44.1/opentelemetry-sdk-1.44.1.jar:/Users/bytedance/.m2/repository/io/opentelemetry/opentelemetry-sdk-metrics/1.44.1/opentelemetry-sdk-metrics-1.44.1.jar:/Users/bytedance/.m2/repository/io/opentelemetry/opentelemetry-sdk-logs/1.44.1/opentelemetry-sdk-logs-1.44.1.jar:/Users/bytedance/.m2/repository/net/bytebuddy/byte-buddy/1.15.10/byte-buddy-1.15.10.jar:/Users/bytedance/.m2/repository/org/seleniumhq/selenium/selenium-os/4.27.0/selenium-os-4.27.0.jar:/Users/bytedance/.m2/repository/org/apache/commons/commons-exec/1.4.0/commons-exec-1.4.0.jar:/Users/bytedance/.m2/repository/org/seleniumhq/selenium/selenium-safari-driver/4.27.0/selenium-safari-driver-4.27.0.jar:/Users/bytedance/.m2/repository/org/seleniumhq/selenium/selenium-support/4.27.0/selenium-support-4.27.0.jar:/Users/bytedance/.m2/repository/org/testng/testng/7.4.0/testng-7.4.0.jar:/Users/bytedance/.m2/repository/com/beust/jcommander/1.78/jcommander-1.78.jar:/Users/bytedance/.m2/repository/org/webjars/jquery/3.5.1/jquery-3.5.1.jar:/Users/bytedance/.m2/repository/io/cucumber/cucumber-java/5.2.0/cucumber-java-5.2.0.jar:/Users/bytedance/.m2/repository/io/cucumber/cucumber-core/5.2.0/cucumber-core-5.2.0.jar:/Users/bytedance/.m2/repository/io/cucumber/cucumber-gherkin/5.2.0/cucumber-gherkin-5.2.0.jar:/Users/bytedance/.m2/repository/io/cucumber/cucumber-gherkin-vintage/5.2.0/cucumber-gherkin-vintage-5.2.0.jar:/Users/bytedance/.m2/repository/io/cucumber/tag-expressions/2.0.4/tag-expressions-2.0.4.jar:/Users/bytedance/.m2/repository/io/cucumber/cucumber-expressions/8.3.1/cucumber-expressions-8.3.1.jar:/Users/bytedance/.m2/repository/io/cucumber/datatable/3.3.0/datatable-3.3.0.jar:/Users/bytedance/.m2/repository/io/cucumber/cucumber-plugin/5.2.0/cucumber-plugin-5.2.0.jar:/Users/bytedance/.m2/repository/io/cucumber/docstring/5.2.0/docstring-5.2.0.jar:/Users/bytedance/.m2/repository/org/apiguardian/apiguardian-api/1.1.0/apiguardian-api-1.1.0.jar:/Users/bytedance/.m2/repository/io/cucumber/cucumber-jvm-deps/1.0.6/cucumber-jvm-deps-1.0.6.jar:/Users/bytedance/.m2/repository/io/cucumber/cucumber-junit/5.2.0/cucumber-junit-5.2.0.jar:/Users/bytedance/.m2/repository/junit/junit/4.13/junit-4.13.jar:/Users/bytedance/.m2/repository/org/hamcrest/hamcrest-core/1.3/hamcrest-core-1.3.jar:/Users/bytedance/.m2/repository/io/cucumber/cucumber-testng/5.2.0/cucumber-testng-5.2.0.jar:"/>
    <property name="sun.cpu.endian" value="little"/>
    <property name="user.home" value="/Users/bytedance"/>
    <property name="user.language" value="en"/>
    <property name="java.specification.vendor" value="Oracle Corporation"/>
    <property name="java.version.date" value="2023-10-17"/>
    <property name="java.home" value="/Library/Java/JavaVirtualMachines/jdk-11.jdk/Contents/Home"/>
    <property name="file.separator" value="/"/>
    <property name="basedir" value="/Users/bytedance/CourseQAAutomation/coursewebautomation"/>
    <property name="java.vm.compressedOopsMode" value="Zero based"/>
    <property name="line.separator" value="&#10;"/>
    <property name="java.specification.name" value="Java Platform API Specification"/>
    <property name="java.vm.specification.vendor" value="Oracle Corporation"/>
    <property name="java.awt.graphicsenv" value="sun.awt.CGraphicsEnvironment"/>
    <property name="surefire.real.class.path" value="/Users/bytedance/CourseQAAutomation/coursewebautomation/target/surefire/surefirebooter-20241219233536942_3.jar"/>
    <property name="sun.management.compiler" value="HotSpot 64-Bit Tiered Compilers"/>
    <property name="java.runtime.version" value="11.0.21+9-LTS-193"/>
    <property name="user.name" value="bytedance"/>
    <property name="path.separator" value=":"/>
    <property name="os.version" value="15.1.1"/>
    <property name="java.runtime.name" value="Java(TM) SE Runtime Environment"/>
    <property name="file.encoding" value="UTF-8"/>
    <property name="browser" value="chrome"/>
    <property name="java.vm.name" value="Java HotSpot(TM) 64-Bit Server VM"/>
    <property name="java.vendor.version" value="18.9"/>
    <property name="localRepository" value="/Users/bytedance/.m2/repository"/>
    <property name="java.vendor.url.bug" value="https://bugreport.java.com/bugreport/"/>
    <property name="java.io.tmpdir" value="/var/folders/_8/v_b5zj050r7d0g82_28jkwpm0000gn/T/"/>
    <property name="java.version" value="11.0.21"/>
    <property name="user.dir" value="/Users/bytedance/CourseQAAutomation/coursewebautomation"/>
    <property name="os.arch" value="aarch64"/>
    <property name="java.vm.specification.name" value="Java Virtual Machine Specification"/>
    <property name="java.awt.printerjob" value="sun.lwawt.macosx.CPrinterJob"/>
    <property name="sun.os.patch.level" value="unknown"/>
    <property name="java.library.path" value="/Users/bytedance/Library/Java/Extensions:/Library/Java/Extensions:/Network/Library/Java/Extensions:/System/Library/Java/Extensions:/usr/lib/java:."/>
    <property name="java.vendor" value="Oracle Corporation"/>
    <property name="java.vm.info" value="mixed mode"/>
    <property name="java.vm.version" value="11.0.21+9-LTS-193"/>
    <property name="java.specification.maintenance.version" value="2"/>
    <property name="sun.io.unicode.encoding" value="UnicodeBig"/>
    <property name="java.class.version" value="55.0"/>
  </properties>
  <testcase name="submitOrder[{password=XBf@rWNvByn!#K8, email=simanjuntakalbert57@gmail.com, productName=ADIDAS ORIGINAL}](1)" classname="automation.StandAloneNGTest" time="11.174">
    <system-out><![CDATA[ini chromedriver
]]></system-out>
  </testcase>
  <testcase name="OrderHistory[{password=XBf@rWNvByn!#K8, email=simanjuntakalbert57@gmail.com, productName=ADIDAS ORIGINAL}](1)" classname="automation.StandAloneNGTest" time="5.892">
    <system-out><![CDATA[ini chromedriver
]]></system-out>
  </testcase>
</testsuite>