<?xml version="1.0" encoding="UTF-8"?>
<!-- Generated by org.testng.reporters.JUnitReportReporter -->
<testsuite hostname="RGCWP16JWC" failures="0" tests="2" name="automation.StandAloneTestPO" time="14.148" errors="0" timestamp="2024-12-18T20:37:25 WIB" skipped="0">
  <testcase classname="automation.StandAloneTestPO" name="OrderHistory" time="5.417"/>
  <system-out/>
  <testcase classname="automation.StandAloneTestPO" name="submitOrder" time="8.731"/>
  <system-out/>
</testsuite> <!-- automation.StandAloneTestPO -->
